Build started 20/11/2014 13:48:16.
     1>Project "D:\Dropbox\Dropbox\University Work\Year 4\CSC8502 Adv Graphics for Games\Graphics Coursework\Matthew Thomson Coursework\Graphics Coursework\GraphicsCoursework.vcxproj" on node 2 (Build target(s)).
     1>InitializeBuildStatus:
         Creating "Release\GraphicsCoursework.unsuccessfulbuild" because "AlwaysCreate" was specified.
       ClCompile:
         All outputs are up-to-date.
       Link:
         C:\Program Files (x86)\Microsoft Visual Studio 11.0\VC\bin\link.exe /ERRORREPORT:PROMPT /OUT:"D:\Dropbox\Dropbox\University Work\Year 4\CSC8502 Adv Graphics for Games\Graphics Coursework\Matthew Thomson Coursework\Graphics Coursework\Release\GraphicsCoursework.exe" /NOLOGO kernel32.lib user32.lib gdi32.lib winspool.lib comdlg32.lib advapi32.lib shell32.lib ole32.lib oleaut32.lib uuid.lib odbc32.lib odbccp32.lib /MANIFEST /MANIFESTUAC:"level='asInvoker' uiAccess='false'" /manifest:embed /DEBUG /PDB:"D:\Dropbox\Dropbox\University Work\Year 4\CSC8502 Adv Graphics for Games\Graphics Coursework\Matthew Thomson Coursework\Graphics Coursework\Release\GraphicsCoursework.pdb" /OPT:REF /OPT:ICF /LTCG /TLBID:1 /DYNAMICBASE /NXCOMPAT /IMPLIB:"D:\Dropbox\Dropbox\University Work\Year 4\CSC8502 Adv Graphics for Games\Graphics Coursework\Matthew Thomson Coursework\Graphics Coursework\Release\GraphicsCoursework.lib" /MACHINE:X86 /SAFESEH Release\GrowingNode.obj
         Release\Main.obj
         Release\TreeNode.obj
         Release\Renderer.obj
         Release\RendererDebug.obj
         Release\RendererParticle.obj
         Release\RendererPostProcess.obj
         Release\RendererSceneObjects.obj
         Release\RendererShadow.obj
         Release\RendererSkybox.obj
         Release\RendererWater.obj
         Generating code
         Finished generating code
     1>SOIL.lib(SOIL.obj) : warning LNK4099: PDB 'vc120.pdb' was not found with 'SOIL.lib(SOIL.obj)' or at 'D:\Dropbox\Dropbox\University Work\Year 4\CSC8502 Adv Graphics for Games\Graphics Coursework\Matthew Thomson Coursework\Graphics Coursework\Release\vc120.pdb'; linking object as if no debug info
     1>SOIL.lib(stb_image_aug.obj) : warning LNK4099: PDB 'vc120.pdb' was not found with 'SOIL.lib(stb_image_aug.obj)' or at 'D:\Dropbox\Dropbox\University Work\Year 4\CSC8502 Adv Graphics for Games\Graphics Coursework\Matthew Thomson Coursework\Graphics Coursework\Release\vc120.pdb'; linking object as if no debug info
     1>SOIL.lib(image_helper.obj) : warning LNK4099: PDB 'vc120.pdb' was not found with 'SOIL.lib(image_helper.obj)' or at 'D:\Dropbox\Dropbox\University Work\Year 4\CSC8502 Adv Graphics for Games\Graphics Coursework\Matthew Thomson Coursework\Graphics Coursework\Release\vc120.pdb'; linking object as if no debug info
     1>SOIL.lib(image_DXT.obj) : warning LNK4099: PDB 'vc120.pdb' was not found with 'SOIL.lib(image_DXT.obj)' or at 'D:\Dropbox\Dropbox\University Work\Year 4\CSC8502 Adv Graphics for Games\Graphics Coursework\Matthew Thomson Coursework\Graphics Coursework\Release\vc120.pdb'; linking object as if no debug info
         GraphicsCoursework.vcxproj -> D:\Dropbox\Dropbox\University Work\Year 4\CSC8502 Adv Graphics for Games\Graphics Coursework\Matthew Thomson Coursework\Graphics Coursework\Release\GraphicsCoursework.exe
       FinalizeBuildStatus:
         Deleting file "Release\GraphicsCoursework.unsuccessfulbuild".
         Touching "Release\GraphicsCoursework.lastbuildstate".
     1>Done Building Project "D:\Dropbox\Dropbox\University Work\Year 4\CSC8502 Adv Graphics for Games\Graphics Coursework\Matthew Thomson Coursework\Graphics Coursework\GraphicsCoursework.vcxproj" (Build target(s)).

Build succeeded.

Time Elapsed 00:00:01.64
