D:\DROPBOX\DROPBOX\UNIVERSITY WORK\YEAR 4\CSC8502 ADV GRAPHICS FOR GAMES\GRAPHICS COURSEWORK\MATTHEW THOMSON COURSEWORK\GRAPHICS COURSEWORK\RELEASE\TREENODE.OBJ
D:\DROPBOX\DROPBOX\UNIVERSITY WORK\YEAR 4\CSC8502 ADV GRAPHICS FOR GAMES\GRAPHICS COURSEWORK\MATTHEW THOMSON COURSEWORK\GRAPHICS COURSEWORK\RELEASE\RENDERERSHADOW.OBJ
D:\DROPBOX\DROPBOX\UNIVERSITY WORK\YEAR 4\CSC8502 ADV GRAPHICS FOR GAMES\GRAPHICS COURSEWORK\MATTHEW THOMSON COURSEWORK\GRAPHICS COURSEWORK\RELEASE\RENDERER.OBJ
D:\DROPBOX\DROPBOX\UNIVERSITY WORK\YEAR 4\CSC8502 ADV GRAPHICS FOR GAMES\GRAPHICS COURSEWORK\MATTHEW THOMSON COURSEWORK\GRAPHICS COURSEWORK\RELEASE\RENDERERWATER.OBJ
D:\DROPBOX\DROPBOX\UNIVERSITY WORK\YEAR 4\CSC8502 ADV GRAPHICS FOR GAMES\GRAPHICS COURSEWORK\MATTHEW THOMSON COURSEWORK\GRAPHICS COURSEWORK\RELEASE\RENDERERSKYBOX.OBJ
D:\DROPBOX\DROPBOX\UNIVERSITY WORK\YEAR 4\CSC8502 ADV GRAPHICS FOR GAMES\GRAPHICS COURSEWORK\MATTHEW THOMSON COURSEWORK\GRAPHICS COURSEWORK\RELEASE\RENDERERSCENEOBJECTS.OBJ
D:\DROPBOX\DROPBOX\UNIVERSITY WORK\YEAR 4\CSC8502 ADV GRAPHICS FOR GAMES\GRAPHICS COURSEWORK\MATTHEW THOMSON COURSEWORK\GRAPHICS COURSEWORK\RELEASE\RENDERERPOSTPROCESS.OBJ
D:\DROPBOX\DROPBOX\UNIVERSITY WORK\YEAR 4\CSC8502 ADV GRAPHICS FOR GAMES\GRAPHICS COURSEWORK\MATTHEW THOMSON COURSEWORK\GRAPHICS COURSEWORK\RELEASE\RENDERERPARTICLE.OBJ
D:\DROPBOX\DROPBOX\UNIVERSITY WORK\YEAR 4\CSC8502 ADV GRAPHICS FOR GAMES\GRAPHICS COURSEWORK\MATTHEW THOMSON COURSEWORK\GRAPHICS COURSEWORK\RELEASE\RENDERERDEBUG.OBJ
D:\DROPBOX\DROPBOX\UNIVERSITY WORK\YEAR 4\CSC8502 ADV GRAPHICS FOR GAMES\GRAPHICS COURSEWORK\MATTHEW THOMSON COURSEWORK\GRAPHICS COURSEWORK\RELEASE\MAIN.OBJ
D:\DROPBOX\DROPBOX\UNIVERSITY WORK\YEAR 4\CSC8502 ADV GRAPHICS FOR GAMES\GRAPHICS COURSEWORK\MATTHEW THOMSON COURSEWORK\GRAPHICS COURSEWORK\RELEASE\GROWINGNODE.OBJ
D:\DROPBOX\DROPBOX\UNIVERSITY WORK\YEAR 4\CSC8502 ADV GRAPHICS FOR GAMES\GRAPHICS COURSEWORK\MATTHEW THOMSON COURSEWORK\GRAPHICS COURSEWORK\RELEASE\VC110.PDB
D:\DROPBOX\DROPBOX\UNIVERSITY WORK\YEAR 4\CSC8502 ADV GRAPHICS FOR GAMES\GRAPHICS COURSEWORK\MATTHEW THOMSON COURSEWORK\GRAPHICS COURSEWORK\RELEASE\GRAPHICSCOURSEWORK.EXE
D:\DROPBOX\DROPBOX\UNIVERSITY WORK\YEAR 4\CSC8502 ADV GRAPHICS FOR GAMES\GRAPHICS COURSEWORK\MATTHEW THOMSON COURSEWORK\GRAPHICS COURSEWORK\RELEASE\GRAPHICSCOURSEWORK.PDB
D:\Dropbox\Dropbox\University Work\Year 4\CSC8502 Adv Graphics for Games\Graphics Coursework\Matthew Thomson Coursework\Graphics Coursework\Release\GrowingNode.obj
D:\Dropbox\Dropbox\University Work\Year 4\CSC8502 Adv Graphics for Games\Graphics Coursework\Matthew Thomson Coursework\Graphics Coursework\Release\Main.obj
D:\Dropbox\Dropbox\University Work\Year 4\CSC8502 Adv Graphics for Games\Graphics Coursework\Matthew Thomson Coursework\Graphics Coursework\Release\Renderer.obj
D:\Dropbox\Dropbox\University Work\Year 4\CSC8502 Adv Graphics for Games\Graphics Coursework\Matthew Thomson Coursework\Graphics Coursework\Release\RendererDebug.obj
D:\Dropbox\Dropbox\University Work\Year 4\CSC8502 Adv Graphics for Games\Graphics Coursework\Matthew Thomson Coursework\Graphics Coursework\Release\RendererParticle.obj
D:\Dropbox\Dropbox\University Work\Year 4\CSC8502 Adv Graphics for Games\Graphics Coursework\Matthew Thomson Coursework\Graphics Coursework\Release\RendererPostProcess.obj
D:\Dropbox\Dropbox\University Work\Year 4\CSC8502 Adv Graphics for Games\Graphics Coursework\Matthew Thomson Coursework\Graphics Coursework\Release\RendererSceneObjects.obj
D:\Dropbox\Dropbox\University Work\Year 4\CSC8502 Adv Graphics for Games\Graphics Coursework\Matthew Thomson Coursework\Graphics Coursework\Release\RendererShadow.obj
D:\Dropbox\Dropbox\University Work\Year 4\CSC8502 Adv Graphics for Games\Graphics Coursework\Matthew Thomson Coursework\Graphics Coursework\Release\RendererSkybox.obj
D:\Dropbox\Dropbox\University Work\Year 4\CSC8502 Adv Graphics for Games\Graphics Coursework\Matthew Thomson Coursework\Graphics Coursework\Release\RendererWater.obj
D:\Dropbox\Dropbox\University Work\Year 4\CSC8502 Adv Graphics for Games\Graphics Coursework\Matthew Thomson Coursework\Graphics Coursework\Release\TreeNode.obj
D:\Dropbox\Dropbox\University Work\Year 4\CSC8502 Adv Graphics for Games\Graphics Coursework\Matthew Thomson Coursework\Graphics Coursework\Release\cl.command.1.tlog
D:\Dropbox\Dropbox\University Work\Year 4\CSC8502 Adv Graphics for Games\Graphics Coursework\Matthew Thomson Coursework\Graphics Coursework\Release\CL.read.1.tlog
D:\Dropbox\Dropbox\University Work\Year 4\CSC8502 Adv Graphics for Games\Graphics Coursework\Matthew Thomson Coursework\Graphics Coursework\Release\CL.write.1.tlog
D:\Dropbox\Dropbox\University Work\Year 4\CSC8502 Adv Graphics for Games\Graphics Coursework\Matthew Thomson Coursework\Graphics Coursework\Release\link-cvtres.read.1.tlog
D:\Dropbox\Dropbox\University Work\Year 4\CSC8502 Adv Graphics for Games\Graphics Coursework\Matthew Thomson Coursework\Graphics Coursework\Release\link-cvtres.write.1.tlog
D:\Dropbox\Dropbox\University Work\Year 4\CSC8502 Adv Graphics for Games\Graphics Coursework\Matthew Thomson Coursework\Graphics Coursework\Release\link-rc.read.1.tlog
D:\Dropbox\Dropbox\University Work\Year 4\CSC8502 Adv Graphics for Games\Graphics Coursework\Matthew Thomson Coursework\Graphics Coursework\Release\link-rc.write.1.tlog
D:\Dropbox\Dropbox\University Work\Year 4\CSC8502 Adv Graphics for Games\Graphics Coursework\Matthew Thomson Coursework\Graphics Coursework\Release\link.command.1.tlog
D:\Dropbox\Dropbox\University Work\Year 4\CSC8502 Adv Graphics for Games\Graphics Coursework\Matthew Thomson Coursework\Graphics Coursework\Release\link.read.1.tlog
D:\Dropbox\Dropbox\University Work\Year 4\CSC8502 Adv Graphics for Games\Graphics Coursework\Matthew Thomson Coursework\Graphics Coursework\Release\link.write.1.tlog
D:\Dropbox\Dropbox\University Work\Year 4\CSC8502 Adv Graphics for Games\Graphics Coursework\Matthew Thomson Coursework\Graphics Coursework\Release\GraphicsCoursework.pdb
D:\Dropbox\Dropbox\University Work\Year 4\CSC8502 Adv Graphics for Games\Graphics Coursework\Matthew Thomson Coursework\Graphics Coursework\Release\vc110.pdb
D:\Dropbox\Dropbox\University Work\Year 4\CSC8502 Adv Graphics for Games\Graphics Coursework\Matthew Thomson Coursework\Graphics Coursework\Release\GraphicsCoursework.exe
