D:\DROPBOX\DROPBOX\UNIVERSITY WORK\YEAR 4\CSC8502 ADV GRAPHICS FOR GAMES\GRAPHICS COURSEWORK\MATTHEW THOMSON COURSEWORK\NCLGL\DEBUG\FRUSTUM.OBJ
D:\DROPBOX\DROPBOX\UNIVERSITY WORK\YEAR 4\CSC8502 ADV GRAPHICS FOR GAMES\GRAPHICS COURSEWORK\MATTHEW THOMSON COURSEWORK\NCLGL\DEBUG\GAMETIMER.OBJ
D:\DROPBOX\DROPBOX\UNIVERSITY WORK\YEAR 4\CSC8502 ADV GRAPHICS FOR GAMES\GRAPHICS COURSEWORK\MATTHEW THOMSON COURSEWORK\NCLGL\DEBUG\HEIGHTMAP.OBJ
D:\DROPBOX\DROPBOX\UNIVERSITY WORK\YEAR 4\CSC8502 ADV GRAPHICS FOR GAMES\GRAPHICS COURSEWORK\MATTHEW THOMSON COURSEWORK\NCLGL\DEBUG\KEYBOARD.OBJ
D:\DROPBOX\DROPBOX\UNIVERSITY WORK\YEAR 4\CSC8502 ADV GRAPHICS FOR GAMES\GRAPHICS COURSEWORK\MATTHEW THOMSON COURSEWORK\NCLGL\DEBUG\LIGHT.OBJ
D:\DROPBOX\DROPBOX\UNIVERSITY WORK\YEAR 4\CSC8502 ADV GRAPHICS FOR GAMES\GRAPHICS COURSEWORK\MATTHEW THOMSON COURSEWORK\NCLGL\DEBUG\MATRIX4.OBJ
D:\DROPBOX\DROPBOX\UNIVERSITY WORK\YEAR 4\CSC8502 ADV GRAPHICS FOR GAMES\GRAPHICS COURSEWORK\MATTHEW THOMSON COURSEWORK\NCLGL\DEBUG\MD5ANIM.OBJ
D:\DROPBOX\DROPBOX\UNIVERSITY WORK\YEAR 4\CSC8502 ADV GRAPHICS FOR GAMES\GRAPHICS COURSEWORK\MATTHEW THOMSON COURSEWORK\NCLGL\DEBUG\MD5FILEDATA.OBJ
D:\DROPBOX\DROPBOX\UNIVERSITY WORK\YEAR 4\CSC8502 ADV GRAPHICS FOR GAMES\GRAPHICS COURSEWORK\MATTHEW THOMSON COURSEWORK\NCLGL\DEBUG\MD5MESH.OBJ
D:\DROPBOX\DROPBOX\UNIVERSITY WORK\YEAR 4\CSC8502 ADV GRAPHICS FOR GAMES\GRAPHICS COURSEWORK\MATTHEW THOMSON COURSEWORK\NCLGL\DEBUG\MD5NODE.OBJ
D:\DROPBOX\DROPBOX\UNIVERSITY WORK\YEAR 4\CSC8502 ADV GRAPHICS FOR GAMES\GRAPHICS COURSEWORK\MATTHEW THOMSON COURSEWORK\NCLGL\DEBUG\MESH.OBJ
D:\DROPBOX\DROPBOX\UNIVERSITY WORK\YEAR 4\CSC8502 ADV GRAPHICS FOR GAMES\GRAPHICS COURSEWORK\MATTHEW THOMSON COURSEWORK\NCLGL\DEBUG\MOUSE.OBJ
D:\DROPBOX\DROPBOX\UNIVERSITY WORK\YEAR 4\CSC8502 ADV GRAPHICS FOR GAMES\GRAPHICS COURSEWORK\MATTHEW THOMSON COURSEWORK\NCLGL\DEBUG\OBJMESH.OBJ
D:\DROPBOX\DROPBOX\UNIVERSITY WORK\YEAR 4\CSC8502 ADV GRAPHICS FOR GAMES\GRAPHICS COURSEWORK\MATTHEW THOMSON COURSEWORK\NCLGL\DEBUG\OGLRENDERER.OBJ
D:\DROPBOX\DROPBOX\UNIVERSITY WORK\YEAR 4\CSC8502 ADV GRAPHICS FOR GAMES\GRAPHICS COURSEWORK\MATTHEW THOMSON COURSEWORK\NCLGL\DEBUG\PLANE.OBJ
D:\DROPBOX\DROPBOX\UNIVERSITY WORK\YEAR 4\CSC8502 ADV GRAPHICS FOR GAMES\GRAPHICS COURSEWORK\MATTHEW THOMSON COURSEWORK\NCLGL\DEBUG\QUATERNION.OBJ
D:\DROPBOX\DROPBOX\UNIVERSITY WORK\YEAR 4\CSC8502 ADV GRAPHICS FOR GAMES\GRAPHICS COURSEWORK\MATTHEW THOMSON COURSEWORK\NCLGL\DEBUG\RENDERER.OBJ
D:\DROPBOX\DROPBOX\UNIVERSITY WORK\YEAR 4\CSC8502 ADV GRAPHICS FOR GAMES\GRAPHICS COURSEWORK\MATTHEW THOMSON COURSEWORK\NCLGL\DEBUG\SCENENODE.OBJ
D:\DROPBOX\DROPBOX\UNIVERSITY WORK\YEAR 4\CSC8502 ADV GRAPHICS FOR GAMES\GRAPHICS COURSEWORK\MATTHEW THOMSON COURSEWORK\NCLGL\DEBUG\SHADER.OBJ
D:\DROPBOX\DROPBOX\UNIVERSITY WORK\YEAR 4\CSC8502 ADV GRAPHICS FOR GAMES\GRAPHICS COURSEWORK\MATTHEW THOMSON COURSEWORK\NCLGL\DEBUG\WINDOW.OBJ
D:\DROPBOX\DROPBOX\UNIVERSITY WORK\YEAR 4\CSC8502 ADV GRAPHICS FOR GAMES\GRAPHICS COURSEWORK\MATTHEW THOMSON COURSEWORK\NCLGL\DEBUG\VC110.PDB
D:\DROPBOX\DROPBOX\UNIVERSITY WORK\YEAR 4\CSC8502 ADV GRAPHICS FOR GAMES\GRAPHICS COURSEWORK\MATTHEW THOMSON COURSEWORK\NCLGL\DEBUG\CAMERA.OBJ
D:\Dropbox\Dropbox\University Work\Year 4\CSC8502 Adv Graphics for Games\Graphics Coursework\Matthew Thomson Coursework\nclgl\Debug\Camera.obj
D:\Dropbox\Dropbox\University Work\Year 4\CSC8502 Adv Graphics for Games\Graphics Coursework\Matthew Thomson Coursework\nclgl\Debug\Frustum.obj
D:\Dropbox\Dropbox\University Work\Year 4\CSC8502 Adv Graphics for Games\Graphics Coursework\Matthew Thomson Coursework\nclgl\Debug\GameTimer.obj
D:\Dropbox\Dropbox\University Work\Year 4\CSC8502 Adv Graphics for Games\Graphics Coursework\Matthew Thomson Coursework\nclgl\Debug\HeightMap.obj
D:\Dropbox\Dropbox\University Work\Year 4\CSC8502 Adv Graphics for Games\Graphics Coursework\Matthew Thomson Coursework\nclgl\Debug\Keyboard.obj
D:\Dropbox\Dropbox\University Work\Year 4\CSC8502 Adv Graphics for Games\Graphics Coursework\Matthew Thomson Coursework\nclgl\Debug\Light.obj
D:\Dropbox\Dropbox\University Work\Year 4\CSC8502 Adv Graphics for Games\Graphics Coursework\Matthew Thomson Coursework\nclgl\Debug\Matrix4.obj
D:\Dropbox\Dropbox\University Work\Year 4\CSC8502 Adv Graphics for Games\Graphics Coursework\Matthew Thomson Coursework\nclgl\Debug\MD5Anim.obj
D:\Dropbox\Dropbox\University Work\Year 4\CSC8502 Adv Graphics for Games\Graphics Coursework\Matthew Thomson Coursework\nclgl\Debug\MD5FileData.obj
D:\Dropbox\Dropbox\University Work\Year 4\CSC8502 Adv Graphics for Games\Graphics Coursework\Matthew Thomson Coursework\nclgl\Debug\MD5Mesh.obj
D:\Dropbox\Dropbox\University Work\Year 4\CSC8502 Adv Graphics for Games\Graphics Coursework\Matthew Thomson Coursework\nclgl\Debug\MD5Node.obj
D:\Dropbox\Dropbox\University Work\Year 4\CSC8502 Adv Graphics for Games\Graphics Coursework\Matthew Thomson Coursework\nclgl\Debug\Mesh.obj
D:\Dropbox\Dropbox\University Work\Year 4\CSC8502 Adv Graphics for Games\Graphics Coursework\Matthew Thomson Coursework\nclgl\Debug\Mouse.obj
D:\Dropbox\Dropbox\University Work\Year 4\CSC8502 Adv Graphics for Games\Graphics Coursework\Matthew Thomson Coursework\nclgl\Debug\OBJMesh.obj
D:\Dropbox\Dropbox\University Work\Year 4\CSC8502 Adv Graphics for Games\Graphics Coursework\Matthew Thomson Coursework\nclgl\Debug\OGLRenderer.obj
D:\Dropbox\Dropbox\University Work\Year 4\CSC8502 Adv Graphics for Games\Graphics Coursework\Matthew Thomson Coursework\nclgl\Debug\Plane.obj
D:\Dropbox\Dropbox\University Work\Year 4\CSC8502 Adv Graphics for Games\Graphics Coursework\Matthew Thomson Coursework\nclgl\Debug\Quaternion.obj
D:\Dropbox\Dropbox\University Work\Year 4\CSC8502 Adv Graphics for Games\Graphics Coursework\Matthew Thomson Coursework\nclgl\Debug\Renderer.obj
D:\Dropbox\Dropbox\University Work\Year 4\CSC8502 Adv Graphics for Games\Graphics Coursework\Matthew Thomson Coursework\nclgl\Debug\SceneNode.obj
D:\Dropbox\Dropbox\University Work\Year 4\CSC8502 Adv Graphics for Games\Graphics Coursework\Matthew Thomson Coursework\nclgl\Debug\Shader.obj
D:\Dropbox\Dropbox\University Work\Year 4\CSC8502 Adv Graphics for Games\Graphics Coursework\Matthew Thomson Coursework\nclgl\Debug\Window.obj
D:\Dropbox\Dropbox\University Work\Year 4\CSC8502 Adv Graphics for Games\Graphics Coursework\Matthew Thomson Coursework\nclgl\Debug\cl.command.1.tlog
D:\Dropbox\Dropbox\University Work\Year 4\CSC8502 Adv Graphics for Games\Graphics Coursework\Matthew Thomson Coursework\nclgl\Debug\CL.read.1.tlog
D:\Dropbox\Dropbox\University Work\Year 4\CSC8502 Adv Graphics for Games\Graphics Coursework\Matthew Thomson Coursework\nclgl\Debug\CL.write.1.tlog
D:\Dropbox\Dropbox\University Work\Year 4\CSC8502 Adv Graphics for Games\Graphics Coursework\Matthew Thomson Coursework\nclgl\Debug\Lib-link.read.1.tlog
D:\Dropbox\Dropbox\University Work\Year 4\CSC8502 Adv Graphics for Games\Graphics Coursework\Matthew Thomson Coursework\nclgl\Debug\Lib-link.write.1.tlog
D:\Dropbox\Dropbox\University Work\Year 4\CSC8502 Adv Graphics for Games\Graphics Coursework\Matthew Thomson Coursework\nclgl\Debug\lib.command.1.tlog
D:\Dropbox\Dropbox\University Work\Year 4\CSC8502 Adv Graphics for Games\Graphics Coursework\Matthew Thomson Coursework\nclgl\Debug\vc110.idb
D:\Dropbox\Dropbox\University Work\Year 4\CSC8502 Adv Graphics for Games\Graphics Coursework\Matthew Thomson Coursework\nclgl\Debug\vc110.pdb
