Build started 20/11/2014 13:16:07.
     1>Project "D:\Dropbox\Dropbox\University Work\Year 4\CSC8502 Adv Graphics for Games\Graphics Coursework\Matthew Thomson Coursework\Graphics Coursework\GraphicsCoursework.vcxproj" on node 2 (Build target(s)).
     1>InitializeBuildStatus:
         Creating "Debug\GraphicsCoursework.unsuccessfulbuild" because "AlwaysCreate" was specified.
       ClCompile:
         C:\Program Files (x86)\Microsoft Visual Studio 11.0\VC\bin\CL.exe /c /ZI /nologo /W3 /WX- /Od /Oy- /D _MBCS /Gm /EHsc /RTC1 /MDd /GS /fp:precise /Zc:wchar_t /Zc:forScope /Fo"Debug\\" /Fd"Debug\vc110.pdb" /Gd /TP /analyze- /errorReport:prompt RendererSceneObjects.cpp
         RendererSceneObjects.cpp
       Link:
         C:\Program Files (x86)\Microsoft Visual Studio 11.0\VC\bin\link.exe /ERRORREPORT:PROMPT /OUT:"D:\Dropbox\Dropbox\University Work\Year 4\CSC8502 Adv Graphics for Games\Graphics Coursework\Matthew Thomson Coursework\Graphics Coursework\Debug\GraphicsCoursework.exe" /INCREMENTAL /NOLOGO kernel32.lib user32.lib gdi32.lib winspool.lib comdlg32.lib advapi32.lib shell32.lib ole32.lib oleaut32.lib uuid.lib odbc32.lib odbccp32.lib /MANIFEST /MANIFESTUAC:"level='asInvoker' uiAccess='false'" /manifest:embed /DEBUG /PDB:"D:\Dropbox\Dropbox\University Work\Year 4\CSC8502 Adv Graphics for Games\Graphics Coursework\Matthew Thomson Coursework\Graphics Coursework\Debug\GraphicsCoursework.pdb" /TLBID:1 /DYNAMICBASE /NXCOMPAT /IMPLIB:"D:\Dropbox\Dropbox\University Work\Year 4\CSC8502 Adv Graphics for Games\Graphics Coursework\Matthew Thomson Coursework\Graphics Coursework\Debug\GraphicsCoursework.lib" /MACHINE:X86 Debug\GrowingNode.obj
         Debug\Main.obj
         Debug\TreeNode.obj
         Debug\Renderer.obj
         Debug\RendererDebug.obj
         Debug\RendererParticle.obj
         Debug\RendererPostProcess.obj
         Debug\RendererSceneObjects.obj
         Debug\RendererShadow.obj
         Debug\RendererSkybox.obj
         Debug\RendererWater.obj
         GraphicsCoursework.vcxproj -> D:\Dropbox\Dropbox\University Work\Year 4\CSC8502 Adv Graphics for Games\Graphics Coursework\Matthew Thomson Coursework\Graphics Coursework\Debug\GraphicsCoursework.exe
       FinalizeBuildStatus:
         Deleting file "Debug\GraphicsCoursework.unsuccessfulbuild".
         Touching "Debug\GraphicsCoursework.lastbuildstate".
     1>Done Building Project "D:\Dropbox\Dropbox\University Work\Year 4\CSC8502 Adv Graphics for Games\Graphics Coursework\Matthew Thomson Coursework\Graphics Coursework\GraphicsCoursework.vcxproj" (Build target(s)).

Build succeeded.

Time Elapsed 00:00:01.20
