D:\DROPBOX\DROPBOX\UNIVERSITY WORK\YEAR 4\CSC8502 ADV GRAPHICS FOR GAMES\GRAPHICS COURSEWORK\MATTHEW THOMSON COURSEWORK\NCLGL\RELEASE\SHADER.OBJ
D:\DROPBOX\DROPBOX\UNIVERSITY WORK\YEAR 4\CSC8502 ADV GRAPHICS FOR GAMES\GRAPHICS COURSEWORK\MATTHEW THOMSON COURSEWORK\NCLGL\RELEASE\SCENENODE.OBJ
D:\DROPBOX\DROPBOX\UNIVERSITY WORK\YEAR 4\CSC8502 ADV GRAPHICS FOR GAMES\GRAPHICS COURSEWORK\MATTHEW THOMSON COURSEWORK\NCLGL\RELEASE\QUATERNION.OBJ
D:\DROPBOX\DROPBOX\UNIVERSITY WORK\YEAR 4\CSC8502 ADV GRAPHICS FOR GAMES\GRAPHICS COURSEWORK\MATTHEW THOMSON COURSEWORK\NCLGL\RELEASE\PLANE.OBJ
D:\DROPBOX\DROPBOX\UNIVERSITY WORK\YEAR 4\CSC8502 ADV GRAPHICS FOR GAMES\GRAPHICS COURSEWORK\MATTHEW THOMSON COURSEWORK\NCLGL\RELEASE\PARTICLEEMITTER.OBJ
D:\DROPBOX\DROPBOX\UNIVERSITY WORK\YEAR 4\CSC8502 ADV GRAPHICS FOR GAMES\GRAPHICS COURSEWORK\MATTHEW THOMSON COURSEWORK\NCLGL\RELEASE\OGLRENDERER.OBJ
D:\DROPBOX\DROPBOX\UNIVERSITY WORK\YEAR 4\CSC8502 ADV GRAPHICS FOR GAMES\GRAPHICS COURSEWORK\MATTHEW THOMSON COURSEWORK\NCLGL\RELEASE\OBJMESH.OBJ
D:\DROPBOX\DROPBOX\UNIVERSITY WORK\YEAR 4\CSC8502 ADV GRAPHICS FOR GAMES\GRAPHICS COURSEWORK\MATTHEW THOMSON COURSEWORK\NCLGL\RELEASE\MOUSE.OBJ
D:\DROPBOX\DROPBOX\UNIVERSITY WORK\YEAR 4\CSC8502 ADV GRAPHICS FOR GAMES\GRAPHICS COURSEWORK\MATTHEW THOMSON COURSEWORK\NCLGL\RELEASE\MESH.OBJ
D:\DROPBOX\DROPBOX\UNIVERSITY WORK\YEAR 4\CSC8502 ADV GRAPHICS FOR GAMES\GRAPHICS COURSEWORK\MATTHEW THOMSON COURSEWORK\NCLGL\RELEASE\MD5NODE.OBJ
D:\DROPBOX\DROPBOX\UNIVERSITY WORK\YEAR 4\CSC8502 ADV GRAPHICS FOR GAMES\GRAPHICS COURSEWORK\MATTHEW THOMSON COURSEWORK\NCLGL\RELEASE\MD5MESH.OBJ
D:\DROPBOX\DROPBOX\UNIVERSITY WORK\YEAR 4\CSC8502 ADV GRAPHICS FOR GAMES\GRAPHICS COURSEWORK\MATTHEW THOMSON COURSEWORK\NCLGL\RELEASE\MD5FILEDATA.OBJ
D:\DROPBOX\DROPBOX\UNIVERSITY WORK\YEAR 4\CSC8502 ADV GRAPHICS FOR GAMES\GRAPHICS COURSEWORK\MATTHEW THOMSON COURSEWORK\NCLGL\RELEASE\MD5ANIM.OBJ
D:\DROPBOX\DROPBOX\UNIVERSITY WORK\YEAR 4\CSC8502 ADV GRAPHICS FOR GAMES\GRAPHICS COURSEWORK\MATTHEW THOMSON COURSEWORK\NCLGL\RELEASE\MATRIX4.OBJ
D:\DROPBOX\DROPBOX\UNIVERSITY WORK\YEAR 4\CSC8502 ADV GRAPHICS FOR GAMES\GRAPHICS COURSEWORK\MATTHEW THOMSON COURSEWORK\NCLGL\RELEASE\LIGHT.OBJ
D:\DROPBOX\DROPBOX\UNIVERSITY WORK\YEAR 4\CSC8502 ADV GRAPHICS FOR GAMES\GRAPHICS COURSEWORK\MATTHEW THOMSON COURSEWORK\NCLGL\RELEASE\KEYBOARD.OBJ
D:\DROPBOX\DROPBOX\UNIVERSITY WORK\YEAR 4\CSC8502 ADV GRAPHICS FOR GAMES\GRAPHICS COURSEWORK\MATTHEW THOMSON COURSEWORK\NCLGL\RELEASE\HEIGHTMAP.OBJ
D:\DROPBOX\DROPBOX\UNIVERSITY WORK\YEAR 4\CSC8502 ADV GRAPHICS FOR GAMES\GRAPHICS COURSEWORK\MATTHEW THOMSON COURSEWORK\NCLGL\RELEASE\GAMETIMER.OBJ
D:\DROPBOX\DROPBOX\UNIVERSITY WORK\YEAR 4\CSC8502 ADV GRAPHICS FOR GAMES\GRAPHICS COURSEWORK\MATTHEW THOMSON COURSEWORK\NCLGL\RELEASE\FRUSTUM.OBJ
D:\DROPBOX\DROPBOX\UNIVERSITY WORK\YEAR 4\CSC8502 ADV GRAPHICS FOR GAMES\GRAPHICS COURSEWORK\MATTHEW THOMSON COURSEWORK\NCLGL\RELEASE\CAMERA.OBJ
D:\DROPBOX\DROPBOX\UNIVERSITY WORK\YEAR 4\CSC8502 ADV GRAPHICS FOR GAMES\GRAPHICS COURSEWORK\MATTHEW THOMSON COURSEWORK\NCLGL\RELEASE\WINDOW.OBJ
D:\DROPBOX\DROPBOX\UNIVERSITY WORK\YEAR 4\CSC8502 ADV GRAPHICS FOR GAMES\GRAPHICS COURSEWORK\MATTHEW THOMSON COURSEWORK\NCLGL\RELEASE\TEXTMESH.OBJ
D:\DROPBOX\DROPBOX\UNIVERSITY WORK\YEAR 4\CSC8502 ADV GRAPHICS FOR GAMES\GRAPHICS COURSEWORK\MATTHEW THOMSON COURSEWORK\NCLGL\RELEASE\VC110.PDB
D:\DROPBOX\DROPBOX\UNIVERSITY WORK\YEAR 4\CSC8502 ADV GRAPHICS FOR GAMES\GRAPHICS COURSEWORK\MATTHEW THOMSON COURSEWORK\GRAPHICS COURSEWORK\RELEASE\NCLGL.LIB
D:\Dropbox\Dropbox\University Work\Year 4\CSC8502 Adv Graphics for Games\Graphics Coursework\Matthew Thomson Coursework\nclgl\Release\Camera.obj
D:\Dropbox\Dropbox\University Work\Year 4\CSC8502 Adv Graphics for Games\Graphics Coursework\Matthew Thomson Coursework\nclgl\Release\Frustum.obj
D:\Dropbox\Dropbox\University Work\Year 4\CSC8502 Adv Graphics for Games\Graphics Coursework\Matthew Thomson Coursework\nclgl\Release\GameTimer.obj
D:\Dropbox\Dropbox\University Work\Year 4\CSC8502 Adv Graphics for Games\Graphics Coursework\Matthew Thomson Coursework\nclgl\Release\HeightMap.obj
D:\Dropbox\Dropbox\University Work\Year 4\CSC8502 Adv Graphics for Games\Graphics Coursework\Matthew Thomson Coursework\nclgl\Release\Keyboard.obj
D:\Dropbox\Dropbox\University Work\Year 4\CSC8502 Adv Graphics for Games\Graphics Coursework\Matthew Thomson Coursework\nclgl\Release\Light.obj
D:\Dropbox\Dropbox\University Work\Year 4\CSC8502 Adv Graphics for Games\Graphics Coursework\Matthew Thomson Coursework\nclgl\Release\Matrix4.obj
D:\Dropbox\Dropbox\University Work\Year 4\CSC8502 Adv Graphics for Games\Graphics Coursework\Matthew Thomson Coursework\nclgl\Release\MD5Anim.obj
D:\Dropbox\Dropbox\University Work\Year 4\CSC8502 Adv Graphics for Games\Graphics Coursework\Matthew Thomson Coursework\nclgl\Release\MD5FileData.obj
D:\Dropbox\Dropbox\University Work\Year 4\CSC8502 Adv Graphics for Games\Graphics Coursework\Matthew Thomson Coursework\nclgl\Release\MD5Mesh.obj
D:\Dropbox\Dropbox\University Work\Year 4\CSC8502 Adv Graphics for Games\Graphics Coursework\Matthew Thomson Coursework\nclgl\Release\MD5Node.obj
D:\Dropbox\Dropbox\University Work\Year 4\CSC8502 Adv Graphics for Games\Graphics Coursework\Matthew Thomson Coursework\nclgl\Release\Mesh.obj
D:\Dropbox\Dropbox\University Work\Year 4\CSC8502 Adv Graphics for Games\Graphics Coursework\Matthew Thomson Coursework\nclgl\Release\Mouse.obj
D:\Dropbox\Dropbox\University Work\Year 4\CSC8502 Adv Graphics for Games\Graphics Coursework\Matthew Thomson Coursework\nclgl\Release\OBJMesh.obj
D:\Dropbox\Dropbox\University Work\Year 4\CSC8502 Adv Graphics for Games\Graphics Coursework\Matthew Thomson Coursework\nclgl\Release\OGLRenderer.obj
D:\Dropbox\Dropbox\University Work\Year 4\CSC8502 Adv Graphics for Games\Graphics Coursework\Matthew Thomson Coursework\nclgl\Release\ParticleEmitter.obj
D:\Dropbox\Dropbox\University Work\Year 4\CSC8502 Adv Graphics for Games\Graphics Coursework\Matthew Thomson Coursework\nclgl\Release\Plane.obj
D:\Dropbox\Dropbox\University Work\Year 4\CSC8502 Adv Graphics for Games\Graphics Coursework\Matthew Thomson Coursework\nclgl\Release\Quaternion.obj
D:\Dropbox\Dropbox\University Work\Year 4\CSC8502 Adv Graphics for Games\Graphics Coursework\Matthew Thomson Coursework\nclgl\Release\SceneNode.obj
D:\Dropbox\Dropbox\University Work\Year 4\CSC8502 Adv Graphics for Games\Graphics Coursework\Matthew Thomson Coursework\nclgl\Release\Shader.obj
D:\Dropbox\Dropbox\University Work\Year 4\CSC8502 Adv Graphics for Games\Graphics Coursework\Matthew Thomson Coursework\nclgl\Release\TextMesh.obj
D:\Dropbox\Dropbox\University Work\Year 4\CSC8502 Adv Graphics for Games\Graphics Coursework\Matthew Thomson Coursework\nclgl\Release\Window.obj
D:\Dropbox\Dropbox\University Work\Year 4\CSC8502 Adv Graphics for Games\Graphics Coursework\Matthew Thomson Coursework\nclgl\Release\cl.command.1.tlog
D:\Dropbox\Dropbox\University Work\Year 4\CSC8502 Adv Graphics for Games\Graphics Coursework\Matthew Thomson Coursework\nclgl\Release\CL.read.1.tlog
D:\Dropbox\Dropbox\University Work\Year 4\CSC8502 Adv Graphics for Games\Graphics Coursework\Matthew Thomson Coursework\nclgl\Release\CL.write.1.tlog
D:\Dropbox\Dropbox\University Work\Year 4\CSC8502 Adv Graphics for Games\Graphics Coursework\Matthew Thomson Coursework\nclgl\Release\Lib-link.read.1.tlog
D:\Dropbox\Dropbox\University Work\Year 4\CSC8502 Adv Graphics for Games\Graphics Coursework\Matthew Thomson Coursework\nclgl\Release\Lib-link.write.1.tlog
D:\Dropbox\Dropbox\University Work\Year 4\CSC8502 Adv Graphics for Games\Graphics Coursework\Matthew Thomson Coursework\nclgl\Release\lib.command.1.tlog
D:\Dropbox\Dropbox\University Work\Year 4\CSC8502 Adv Graphics for Games\Graphics Coursework\Matthew Thomson Coursework\nclgl\Release\vc110.pdb
D:\Dropbox\Dropbox\University Work\Year 4\CSC8502 Adv Graphics for Games\Graphics Coursework\Matthew Thomson Coursework\Graphics Coursework\Release\nclgl.lib
